[2025-04-11 16:53:19] Fetching JSON from API...
[2025-04-11 16:53:23] CSV backup saved: /Users/rubes/TPM_DB_Config/Data/TPMData-041125_165319.csv
[2025-04-11 16:54:12] Fetching JSON from API...
[2025-04-11 16:54:15] CSV backup saved: /Users/rubes/TPM_DB_Config/Data/TPMData-041125_165412.csv
[2025-04-11 16:54:15] Loaded 95629 existing barcodes from tpm_items
[2025-04-11 16:54:18] Moved processed file to: /Users/rubes/TPM_DB_Config/Data/Processed/TPMData-041125_165412.csv
[2025-04-11 16:54:18] 
IMPORT SUMMARY
----------------------------
[2025-04-11 16:54:18] Total rows from API:        5699
[2025-04-11 16:54:18] Inserted new rows:          5699
[2025-04-11 16:54:18] Skipped duplicates:         0
[2025-04-11 16:54:18] File moved to:              Processed/
[2025-04-11 16:54:18] Duration:                   0:00:02.474922
[2025-04-11 16:54:38] Fetching JSON from API...
[2025-04-11 16:54:41] CSV backup saved: /Users/rubes/TPM_DB_Config/Data/TPMData-041125_165438.csv
[2025-04-11 16:54:41] Loaded 101328 existing barcodes from tpm_items
[2025-04-11 16:54:42] Moved processed file to: /Users/rubes/TPM_DB_Config/Data/Processed/TPMData-041125_165438.csv
[2025-04-11 16:54:42] 
IMPORT SUMMARY
----------------------------
[2025-04-11 16:54:42] Total rows from API:        5495
[2025-04-11 16:54:42] Inserted new rows:          43
[2025-04-11 16:54:42] Skipped duplicates:         5452
[2025-04-11 16:54:42] File moved to:              Processed/
[2025-04-11 16:54:42] Duration:                   0:00:01.034256
[2025-04-11 16:54:59] Fetching JSON from API...
[2025-04-11 16:55:01] CSV backup skipped due to -nocsv flag.
[2025-04-11 16:55:02] Loaded 101371 existing barcodes from tpm_items
[2025-04-11 16:55:02] File move skipped due to -nocsv flag.
[2025-04-11 16:55:02] 
IMPORT SUMMARY
----------------------------
[2025-04-11 16:55:02] Total rows from API:        5489
[2025-04-11 16:55:02] Inserted new rows:          0
[2025-04-11 16:55:02] Skipped duplicates:         5489
[2025-04-11 16:55:02] File move skipped due to -nocsv flag.
[2025-04-11 16:55:02] Duration:                   0:00:00.203621
[2025-04-14 07:20:50] Fetching JSON from API...
[2025-04-14 07:20:52] No data to download for the given date range.
[2025-04-14 07:23:51] Fetching JSON from API...
[2025-04-14 07:23:53] No data to download for the given date range.
[2025-04-14 07:25:03] Fetching JSON from API...
[2025-04-14 07:25:08] CSV backup saved: /Users/rubes/TPM_DB_Config/Data/TPMData-20250413_to_20250413.csv
[2025-04-14 07:25:08] Loaded 101371 existing barcodes from tpm_items
[2025-04-14 07:25:29] Moved processed file to: /Users/rubes/TPM_DB_Config/Data/Processed/TPMData-20250413_to_20250413.csv
[2025-04-14 07:25:29] 
IMPORT SUMMARY
----------------------------
[2025-04-14 07:25:29] Total rows from API:        78171
[2025-04-14 07:25:29] Inserted new rows:          78171
[2025-04-14 07:25:29] Skipped duplicates:         0
[2025-04-14 07:25:29] File moved to:              Processed/
[2025-04-14 07:25:29] Duration:                   0:00:21.149983
[2025-04-14 07:30:53] Fetching JSON from API...
[2025-04-14 07:30:59] CSV backup saved: /Users/rubes/TPM_DB_Config/Data/TPMData-20250413_to_20250413.csv
[2025-04-14 07:30:59] Loaded 179542 existing barcodes from tpm_items
[2025-04-14 07:31:00] No new rows inserted. File moved to Duplicates.
[2025-04-14 07:31:00] 
IMPORT SUMMARY
----------------------------
[2025-04-14 07:31:00] Total rows from API:        78171
[2025-04-14 07:31:00] Inserted new rows:          0
[2025-04-14 07:31:00] Skipped duplicates:         78171
[2025-04-14 07:31:00] File moved to:              Duplicates/
[2025-04-14 07:31:00] Duration:                   0:00:00.769686
[2025-04-14 07:31:13] Fetching JSON from API...
[2025-04-14 07:31:18] CSV backup saved: /Users/rubes/TPM_DB_Config/Data/TPMData-20250413_to_20250413.csv
[2025-04-14 07:31:18] Loaded 179542 existing barcodes from tpm_items
[2025-04-14 07:31:18] No new rows inserted. File moved to Duplicates.
[2025-04-14 07:31:18] 
IMPORT SUMMARY
----------------------------
[2025-04-14 07:31:18] Total rows from API:        78171
[2025-04-14 07:31:18] Inserted new rows:          0
[2025-04-14 07:31:18] Skipped duplicates:         78171
[2025-04-14 07:31:18] File moved to:              Duplicates/
[2025-04-14 07:31:18] Duration:                   0:00:00.347098
[2025-04-14 07:31:38] Fetching JSON from API...
[2025-04-14 07:31:43] CSV backup saved: /Users/rubes/TPM_DB_Config/Data/TPMData-20250413_to_20250413.csv
[2025-04-14 07:31:44] Loaded 179542 existing barcodes from tpm_items
[2025-04-14 07:31:44] No new rows inserted. File moved to Duplicates.
[2025-04-14 07:31:44] 
IMPORT SUMMARY
----------------------------
[2025-04-14 07:31:44] Total rows from API:        78171
[2025-04-14 07:31:44] Inserted new rows:          0
[2025-04-14 07:31:44] Skipped duplicates:         78171
[2025-04-14 07:31:44] File moved to:              Duplicates/
[2025-04-14 07:31:44] Duration:                   0:00:00.336342
[2025-04-14 07:31:51] Fetching JSON from API...
[2025-04-14 07:31:56] CSV backup skipped due to -nocsv flag.
[2025-04-14 07:31:56] Loaded 179542 existing barcodes from tpm_items
[2025-04-14 07:31:56] File move skipped due to -nocsv flag.
[2025-04-14 07:31:56] 
IMPORT SUMMARY
----------------------------
[2025-04-14 07:31:56] Total rows from API:        78171
[2025-04-14 07:31:56] Inserted new rows:          0
[2025-04-14 07:31:56] Skipped duplicates:         78171
[2025-04-14 07:31:56] File move skipped due to -nocsv flag.
[2025-04-14 07:31:56] Duration:                   0:00:00.294675
[2025-04-14 07:41:37] Fetching JSON from API...
[2025-04-14 07:41:42] CSV backup skipped due to -nocsv flag.
[2025-04-14 07:41:42] Loaded 179542 existing barcodes from tpm_items
[2025-04-14 07:41:42] File move skipped due to -nocsv flag.
[2025-04-14 07:41:42] 
IMPORT SUMMARY
----------------------------
[2025-04-14 07:41:42] Total rows from API:        78171
[2025-04-14 07:41:42] Inserted new rows:          0
[2025-04-14 07:41:42] Skipped duplicates:         78171
[2025-04-14 07:41:42] File move skipped due to -nocsv flag.
[2025-04-14 07:41:42] Duration:                   0:00:00.316243
[2025-04-14 07:45:27] Fetching JSON from API...
[2025-04-14 07:45:31] CSV backup skipped due to -nocsv flag.
[2025-04-14 07:45:32] Loaded 179542 existing barcodes from tpm_items
[2025-04-14 07:45:32] File move skipped due to -nocsv flag.
[2025-04-14 07:45:32] 
IMPORT SUMMARY
----------------------------
[2025-04-14 07:45:32] Total rows from API:        78171
[2025-04-14 07:45:32] Inserted new rows:          0
[2025-04-14 07:45:32] Skipped duplicates:         78171
[2025-04-14 07:45:32] File move skipped due to -nocsv flag.
[2025-04-14 07:45:32] Duration:                   0:00:00.353906
[2025-04-14 07:46:05] Fetching JSON from API...
[2025-04-14 07:46:10] CSV backup skipped due to -nocsv flag.
[2025-04-14 07:46:11] Loaded 179542 existing barcodes from tpm_items
[2025-04-14 07:46:31] File move skipped due to -nocsv flag.
[2025-04-14 07:46:31] 
IMPORT SUMMARY
----------------------------
[2025-04-14 07:46:31] Total rows from API:        89218
[2025-04-14 07:46:31] Inserted new rows:          89142
[2025-04-14 07:46:31] Skipped duplicates:         76
[2025-04-14 07:46:31] File move skipped due to -nocsv flag.
[2025-04-14 07:46:31] Duration:                   0:00:20.382009
[2025-04-14 07:47:21] Fetching JSON from API...
[2025-04-14 07:47:23] No data to download for the given date range.
[2025-04-14 07:49:13] Fetching JSON from API...
[2025-04-14 07:49:16] No data to download for the given date range.
[2025-04-14 07:50:09] Fetching JSON from API...
[2025-04-14 07:50:15] CSV backup skipped due to -nocsv flag.
[2025-04-14 07:50:15] Loaded 268684 existing barcodes from tpm_items
[2025-04-14 07:50:16] File move skipped due to -nocsv flag.
[2025-04-14 07:50:16] 
IMPORT SUMMARY
----------------------------
[2025-04-14 07:50:16] Total rows from API:        78171
[2025-04-14 07:50:16] Inserted new rows:          0
[2025-04-14 07:50:16] Skipped duplicates:         78171
[2025-04-14 07:50:16] File move skipped due to -nocsv flag.
[2025-04-14 07:50:16] Duration:                   0:00:00.888442
[2025-04-14 07:50:26] Fetching JSON from API...
[2025-04-14 07:50:33] CSV backup skipped due to -nocsv flag.
[2025-04-14 07:50:33] Loaded 268684 existing barcodes from tpm_items
[2025-04-14 07:50:33] File move skipped due to -nocsv flag.
[2025-04-14 07:50:33] 
IMPORT SUMMARY
----------------------------
[2025-04-14 07:50:33] Total rows from API:        167313
[2025-04-14 07:50:33] Inserted new rows:          0
[2025-04-14 07:50:33] Skipped duplicates:         167313
[2025-04-14 07:50:33] File move skipped due to -nocsv flag.
[2025-04-14 07:50:33] Duration:                   0:00:00.484681
[2025-04-14 07:50:38] Fetching JSON from API...
[2025-04-14 07:50:47] CSV backup saved: /Users/rubes/TPM_DB_Config/Data/TPMData-20250412_to_20250413.csv
[2025-04-14 07:50:48] Loaded 268684 existing barcodes from tpm_items
[2025-04-14 07:50:48] No new rows inserted. File moved to Duplicates.
[2025-04-14 07:50:48] 
IMPORT SUMMARY
----------------------------
[2025-04-14 07:50:48] Total rows from API:        167313
[2025-04-14 07:50:48] Inserted new rows:          0
[2025-04-14 07:50:48] Skipped duplicates:         167313
[2025-04-14 07:50:48] File moved to:              Duplicates/
[2025-04-14 07:50:48] Duration:                   0:00:00.433837
